<?xml version="1.0" encoding="UTF-8"?>
<!-- Generated by org.testng.reporters.JUnitReportReporter -->
<testsuite hostname="ISILBLRLT10034" name="org.zynga.com.zyngaproject.Zyngaclass" tests="1" failures="0" timestamp="25 Oct 2017 18:34:10 GMT" time="15.094" errors="0">
  <testcase name="dropdown" time="15.094" classname="org.zynga.com.zyngaproject.Zyngaclass"/>
</testsuite> <!-- org.zynga.com.zyngaproject.Zyngaclass -->
